2022-05-31 22:58:10.0727||ERROR|RestaurantBookingMVC.Middleware.ErrorHandlingMiddleware|Value cannot be null. (Parameter 'key') System.ArgumentNullException: Value cannot be null. (Parameter 'key')
   at System.Collections.Generic.Dictionary`2.FindValue(TKey key)
   at Microsoft.EntityFrameworkCore.ChangeTracking.Internal.EntityReferenceMap.TryGet(Object entity, IEntityType entityType, InternalEntityEntry& entry, Boolean throwOnNonUniqueness)
   at Microsoft.EntityFrameworkCore.ChangeTracking.Internal.StateManager.TryGetEntry(Object entity, IEntityType entityType, Boolean throwOnTypeMismatch)
   at Microsoft.EntityFrameworkCore.ChangeTracking.Internal.NavigationFixer.InitialFixup(InternalEntityEntry entry, Boolean fromQuery)
   at Microsoft.EntityFrameworkCore.ChangeTracking.Internal.NavigationFixer.StateChanged(InternalEntityEntry entry, EntityState oldState, Boolean fromQuery)
   at Microsoft.EntityFrameworkCore.ChangeTracking.Internal.InternalEntityEntryNotifier.StateChanged(InternalEntityEntry entry, EntityState oldState, Boolean fromQuery)
   at Microsoft.EntityFrameworkCore.ChangeTracking.Internal.InternalEntityEntry.FireStateChanged(EntityState oldState)
   at Microsoft.EntityFrameworkCore.ChangeTracking.Internal.InternalEntityEntry.SetEntityState(EntityState oldState, EntityState newState, Boolean acceptChanges, Boolean modifyProperties)
   at Microsoft.EntityFrameworkCore.ChangeTracking.Internal.InternalEntityEntry.SetEntityStateAsync(EntityState entityState, Boolean acceptChanges, Boolean modifyProperties, Nullable`1 forceStateWhenUnknownKey, CancellationToken cancellationToken)
   at Microsoft.EntityFrameworkCore.ChangeTracking.Internal.EntityGraphAttacher.PaintActionAsync(EntityEntryGraphNode`1 node, CancellationToken cancellationToken)
   at Microsoft.EntityFrameworkCore.ChangeTracking.Internal.EntityEntryGraphIterator.TraverseGraphAsync[TState](EntityEntryGraphNode`1 node, Func`3 handleNode, CancellationToken cancellationToken)
   at Microsoft.EntityFrameworkCore.Internal.InternalDbSet`1.AddAsync(TEntity entity, CancellationToken cancellationToken)
   at RestaurantLibrary.Services.RestaurantService.AddNewRestaurant(Restaurant restaurant, Address address, Tables table) in E:\CS\WEB\RestaurantBookingApp\RestaurantService\Services\RestaurantService.cs:line 38
   at RestaurantBookingMVC.Controllers.RestaurantController.Update(Restaurant restaurant, Address address, Int32 amount) in E:\CS\WEB\RestaurantBookingApp\RestaurantBookingMVC\Controllers\RestaurantController.cs:line 79
   at Microsoft.AspNetCore.Mvc.Infrastructure.ActionMethodExecutor.TaskOfIActionResultExecutor.Execute(IActionResultTypeMapper mapper, ObjectMethodExecutor executor, Object controller, Object[] arguments)
   at Microsoft.AspNetCore.Mvc.Infrastructure.ControllerActionInvoker.<InvokeActionMethodAsync>g__Logged|12_1(ControllerActionInvoker invoker)
   at Microsoft.AspNetCore.Mvc.Infrastructure.ControllerActionInvoker.<InvokeNextActionFilterAsync>g__Awaited|10_0(ControllerActionInvoker invoker, Task lastTask, State next, Scope scope, Object state, Boolean isCompleted)
   at Microsoft.AspNetCore.Mvc.Infrastructure.ControllerActionInvoker.Rethrow(ActionExecutedContextSealed context)
   at Microsoft.AspNetCore.Mvc.Infrastructure.ControllerActionInvoker.Next(State& next, Scope& scope, Object& state, Boolean& isCompleted)
   at Microsoft.AspNetCore.Mvc.Infrastructure.ControllerActionInvoker.InvokeInnerFilterAsync()
--- End of stack trace from previous location ---
   at Microsoft.AspNetCore.Mvc.Infrastructure.ResourceInvoker.<InvokeNextResourceFilter>g__Awaited|24_0(ResourceInvoker invoker, Task lastTask, State next, Scope scope, Object state, Boolean isCompleted)
   at Microsoft.AspNetCore.Mvc.Infrastructure.ResourceInvoker.Rethrow(ResourceExecutedContextSealed context)
   at Microsoft.AspNetCore.Mvc.Infrastructure.ResourceInvoker.Next(State& next, Scope& scope, Object& state, Boolean& isCompleted)
   at Microsoft.AspNetCore.Mvc.Infrastructure.ResourceInvoker.InvokeFilterPipelineAsync()
--- End of stack trace from previous location ---
   at Microsoft.AspNetCore.Mvc.Infrastructure.ResourceInvoker.<InvokeAsync>g__Logged|17_1(ResourceInvoker invoker)
   at Microsoft.AspNetCore.Routing.EndpointMiddleware.<Invoke>g__AwaitRequestTask|6_0(Endpoint endpoint, Task requestTask, ILogger logger)
   at Microsoft.AspNetCore.Authorization.AuthorizationMiddleware.Invoke(HttpContext context)
   at RestaurantBookingMVC.Middleware.ErrorHandlingMiddleware.InvokeAsync(HttpContext context, RequestDelegate next) in E:\CS\WEB\RestaurantBookingApp\RestaurantBookingMVC\Middleware\ErrorHandlingMiddleware.cs:line 21
